Determining if the pthread_create exist failed with the following output:
Change Dir: /home/user1/catkin_ws/src/Sepanta3/Navigation/build-SepantaMoveBase-Desktop-Default/CMakeFiles/CMakeTmp

Run Build Command:/usr/bin/make "cmTryCompileExec3994504861/fast"
/usr/bin/make -f CMakeFiles/cmTryCompileExec3994504861.dir/build.make CMakeFiles/cmTryCompileExec3994504861.dir/build
make[1]: Entering directory `/home/user1/catkin_ws/src/Sepanta3/Navigation/build-SepantaMoveBase-Desktop-Default/CMakeFiles/CMakeTmp'
/usr/bin/cmake -E cmake_progress_report /home/user1/catkin_ws/src/Sepanta3/Navigation/build-SepantaMoveBase-Desktop-Default/CMakeFiles/CMakeTmp/CMakeFiles 1
Building C object CMakeFiles/cmTryCompileExec3994504861.dir/CheckSymbolExists.c.o
/usr/bin/cc    -o CMakeFiles/cmTryCompileExec3994504861.dir/CheckSymbolExists.c.o   -c /home/user1/catkin_ws/src/Sepanta3/Navigation/build-SepantaMoveBase-Desktop-Default/CMakeFiles/CMakeTmp/CheckSymbolExists.c
Linking C executable cmTryCompileExec3994504861
/usr/bin/cmake -E cmake_link_script CMakeFiles/cmTryCompileExec3994504861.dir/link.txt --verbose=1
/usr/bin/cc       CMakeFiles/cmTryCompileExec3994504861.dir/CheckSymbolExists.c.o  -o cmTryCompileExec3994504861 -rdynamic 
CMakeFiles/cmTryCompileExec3994504861.dir/CheckSymbolExists.c.o: In function `main':
CheckSymbolExists.c:(.text+0x16): undefined reference to `pthread_create'
collect2: error: ld returned 1 exit status
make[1]: *** [cmTryCompileExec3994504861] Error 1
make[1]: Leaving directory `/home/user1/catkin_ws/src/Sepanta3/Navigation/build-SepantaMoveBase-Desktop-Default/CMakeFiles/CMakeTmp'
make: *** [cmTryCompileExec3994504861/fast] Error 2

File /home/user1/catkin_ws/src/Sepanta3/Navigation/build-SepantaMoveBase-Desktop-Default/CMakeFiles/CMakeTmp/CheckSymbolExists.c:
/* */
#include <pthread.h>

int main(int argc, char** argv)
{
  (void)argv;
#ifndef pthread_create
  return ((int*)(&pthread_create))[argc];
#else
  (void)argc;
  return 0;
#endif
}

Determining if the function pthread_create exists in the pthreads failed with the following output:
Change Dir: /home/user1/catkin_ws/src/Sepanta3/Navigation/build-SepantaMoveBase-Desktop-Default/CMakeFiles/CMakeTmp

Run Build Command:/usr/bin/make "cmTryCompileExec1134883976/fast"
/usr/bin/make -f CMakeFiles/cmTryCompileExec1134883976.dir/build.make CMakeFiles/cmTryCompileExec1134883976.dir/build
make[1]: Entering directory `/home/user1/catkin_ws/src/Sepanta3/Navigation/build-SepantaMoveBase-Desktop-Default/CMakeFiles/CMakeTmp'
/usr/bin/cmake -E cmake_progress_report /home/user1/catkin_ws/src/Sepanta3/Navigation/build-SepantaMoveBase-Desktop-Default/CMakeFiles/CMakeTmp/CMakeFiles 1
Building C object CMakeFiles/cmTryCompileExec1134883976.dir/CheckFunctionExists.c.o
/usr/bin/cc   -DCHECK_FUNCTION_EXISTS=pthread_create   -o CMakeFiles/cmTryCompileExec1134883976.dir/CheckFunctionExists.c.o   -c /usr/share/cmake-2.8/Modules/CheckFunctionExists.c
Linking C executable cmTryCompileExec1134883976
/usr/bin/cmake -E cmake_link_script CMakeFiles/cmTryCompileExec1134883976.dir/link.txt --verbose=1
/usr/bin/cc   -DCHECK_FUNCTION_EXISTS=pthread_create    CMakeFiles/cmTryCompileExec1134883976.dir/CheckFunctionExists.c.o  -o cmTryCompileExec1134883976 -rdynamic -lpthreads 
/usr/bin/ld: cannot find -lpthreads
collect2: error: ld returned 1 exit status
make[1]: *** [cmTryCompileExec1134883976] Error 1
make[1]: Leaving directory `/home/user1/catkin_ws/src/Sepanta3/Navigation/build-SepantaMoveBase-Desktop-Default/CMakeFiles/CMakeTmp'
make: *** [cmTryCompileExec1134883976/fast] Error 2


